<?xml version="1.0" encoding="UTF-8"?>
<!-- Generated by org.testng.reporters.JUnitReportReporter -->
<testsuite skipped="0" hostname="LAPTOP-UC1U8QLD" name="com.freedommobile.userstories.BuyPhoneTest" tests="10" failures="0" timestamp="2021-01-03T21:46:36 EST" time="369.256" errors="0">
  <testcase name="buyPhoneAsGuestTest" time="38.614" classname="com.freedommobile.userstories.BuyPhoneTest"/>
  <system-out/>
  <testcase name="buyPhoneAsGuestTest" time="32.898" classname="com.freedommobile.userstories.BuyPhoneTest"/>
  <system-out/>
  <testcase name="buyPhoneAsGuestTest" time="39.191" classname="com.freedommobile.userstories.BuyPhoneTest"/>
  <system-out/>
  <testcase name="buyPhoneAsGuestTest" time="32.532" classname="com.freedommobile.userstories.BuyPhoneTest"/>
  <system-out/>
  <testcase name="buyPhoneAsGuestTest" time="45.816" classname="com.freedommobile.userstories.BuyPhoneTest"/>
  <system-out/>
  <testcase name="buyPhoneAsGuestTest" time="33.116" classname="com.freedommobile.userstories.BuyPhoneTest"/>
  <system-out/>
  <testcase name="buyPhoneAsGuestTest" time="32.194" classname="com.freedommobile.userstories.BuyPhoneTest"/>
  <system-out/>
  <testcase name="buyPhoneAsGuestTest" time="39.126" classname="com.freedommobile.userstories.BuyPhoneTest"/>
  <system-out/>
  <testcase name="buyPhoneAsGuestTest" time="39.323" classname="com.freedommobile.userstories.BuyPhoneTest"/>
  <system-out/>
  <testcase name="buyPhoneAsGuestTest" time="36.446" classname="com.freedommobile.userstories.BuyPhoneTest"/>
  <system-out/>
</testsuite> <!-- com.freedommobile.userstories.BuyPhoneTest -->
