<?xml version="1.0" encoding="UTF-8"?>
<!-- Generated by org.testng.reporters.JUnitReportReporter -->
<testsuite skipped="0" hostname="LAPTOP-UC1U8QLD" name="com.freedommobile.userstories.BuyPhoneTest" tests="1" failures="0" timestamp="2020-12-23T15:54:03 EST" time="25.536" errors="0">
  <testcase name="buyPhoneTest" time="25.536" classname="com.freedommobile.userstories.BuyPhoneTest"/>
  <system-out/>
</testsuite> <!-- com.freedommobile.userstories.BuyPhoneTest -->
