<?xml version="1.0" encoding="UTF-8"?>
<!-- Generated by org.testng.reporters.JUnitReportReporter -->
<testsuite skipped="0" hostname="LAPTOP-UC1U8QLD" name="com.freedommobile.userstories.BuyPhoneTest" tests="20" failures="0" timestamp="2020-12-30T18:14:56 EST" time="696.896" errors="0">
  <testcase name="buyPhoneAsGuestTest" time="33.629" classname="com.freedommobile.userstories.BuyPhoneTest"/>
  <system-out/>
  <testcase name="buyPhoneAsGuestTest" time="33.976" classname="com.freedommobile.userstories.BuyPhoneTest"/>
  <system-out/>
  <testcase name="buyPhoneAsGuestTest" time="31.261" classname="com.freedommobile.userstories.BuyPhoneTest"/>
  <system-out/>
  <testcase name="buyPhoneAsGuestTest" time="29.380" classname="com.freedommobile.userstories.BuyPhoneTest"/>
  <system-out/>
  <testcase name="buyPhoneAsGuestTest" time="30.663" classname="com.freedommobile.userstories.BuyPhoneTest"/>
  <system-out/>
  <testcase name="buyPhoneAsGuestTest" time="33.421" classname="com.freedommobile.userstories.BuyPhoneTest"/>
  <system-out/>
  <testcase name="buyPhoneAsGuestTest" time="56.942" classname="com.freedommobile.userstories.BuyPhoneTest"/>
  <system-out/>
  <testcase name="buyPhoneAsGuestTest" time="32.831" classname="com.freedommobile.userstories.BuyPhoneTest"/>
  <system-out/>
  <testcase name="buyPhoneAsGuestTest" time="33.704" classname="com.freedommobile.userstories.BuyPhoneTest"/>
  <system-out/>
  <testcase name="buyPhoneAsGuestTest" time="33.442" classname="com.freedommobile.userstories.BuyPhoneTest"/>
  <system-out/>
  <testcase name="buyPhoneAsGuestTest" time="32.789" classname="com.freedommobile.userstories.BuyPhoneTest"/>
  <system-out/>
  <testcase name="buyPhoneAsGuestTest" time="33.962" classname="com.freedommobile.userstories.BuyPhoneTest"/>
  <system-out/>
  <testcase name="buyPhoneAsGuestTest" time="33.165" classname="com.freedommobile.userstories.BuyPhoneTest"/>
  <system-out/>
  <testcase name="buyPhoneAsGuestTest" time="47.216" classname="com.freedommobile.userstories.BuyPhoneTest"/>
  <system-out/>
  <testcase name="buyPhoneAsGuestTest" time="35.943" classname="com.freedommobile.userstories.BuyPhoneTest"/>
  <system-out/>
  <testcase name="buyPhoneAsGuestTest" time="33.244" classname="com.freedommobile.userstories.BuyPhoneTest"/>
  <system-out/>
  <testcase name="buyPhoneAsGuestTest" time="34.383" classname="com.freedommobile.userstories.BuyPhoneTest"/>
  <system-out/>
  <testcase name="buyPhoneAsGuestTest" time="32.431" classname="com.freedommobile.userstories.BuyPhoneTest"/>
  <system-out/>
  <testcase name="buyPhoneAsGuestTest" time="29.831" classname="com.freedommobile.userstories.BuyPhoneTest"/>
  <system-out/>
  <testcase name="buyPhoneAsGuestTest" time="34.683" classname="com.freedommobile.userstories.BuyPhoneTest"/>
  <system-out/>
</testsuite> <!-- com.freedommobile.userstories.BuyPhoneTest -->
