<?xml version="1.0" encoding="UTF-8"?>
<!-- Generated by org.testng.reporters.JUnitReportReporter -->
<testsuite skipped="0" hostname="LAPTOP-UC1U8QLD" name="com.freedommobile.userstories.BuyPhoneTest" tests="4" failures="0" timestamp="2020-12-29T21:42:11 EST" time="121.303" errors="0">
  <testcase name="buyPhoneAsGuestTest" time="31.773" classname="com.freedommobile.userstories.BuyPhoneTest"/>
  <system-out/>
  <testcase name="buyPhoneAsGuestTest" time="31.083" classname="com.freedommobile.userstories.BuyPhoneTest"/>
  <system-out/>
  <testcase name="buyPhoneAsGuestTest" time="31.907" classname="com.freedommobile.userstories.BuyPhoneTest"/>
  <system-out/>
  <testcase name="buyPhoneAsGuestTest" time="26.540" classname="com.freedommobile.userstories.BuyPhoneTest"/>
  <system-out/>
</testsuite> <!-- com.freedommobile.userstories.BuyPhoneTest -->
